<?xml version="1.0" encoding="UTF-8"?>
<!-- Generated by org.testng.reporters.JUnitXMLReporter -->
<testsuite ignored="0" hostname="TeenaDellPC" failures="0" tests="5" name="Login" time="22.433" errors="0" timestamp="2024-12-14T09:32:05 EST">
  <testcase classname="com.testng.testcases.LoginTest" name="logInNoPassword" time="1.468"/>
  <testcase classname="com.testng.testcases.LoginTest" name="loginValidUserName" time="3.207"/>
  <testcase classname="com.testng.testcases.LoginTest" name="remeberMeCheckBox" time="3.768"/>
  <testcase classname="com.testng.testcases.LoginTest" name="forgotPassword4a" time="1.325"/>
  <testcase classname="com.testng.testcases.LoginTest" name="forgotPassword4b" time="1.545"/>
</testsuite> <!-- Login -->
