<?xml version="1.0" encoding="UTF-8"?>
<testsuite xmlns:xsi="http://www.w3.org/2001/XMLSchema-instance" xsi:noNamespaceSchemaLocation="https://maven.apache.org/surefire/maven-surefire-plugin/xsd/surefire-test-report.xsd" version="3.0.2" name="TestSuite" time="31.943" tests="5" errors="0" skipped="0" failures="0">
  <properties>
[...]
</properties>
  <testcase name="logInNoPassword" classname="com.testng.testcases.LoginTest" time="2.717">
    <system-out><![CDATA[chrome
https://login.salesforce.com/
]]></system-out>
    <system-err><![CDATA[SLF4J(W): No SLF4J providers were found.
SLF4J(W): Defaulting to no-operation (NOP) logger implementation
SLF4J(W): See https://www.slf4j.org/codes.html#noProviders for further details.
Starting ChromeDriver 131.0.6778.108 (3b014839fbc4fb688b2f5af512d6ce312ad208b1-refs/branch-heads/6778@{#2393}) on port 28974
Only local connections are allowed.
Please see https://chromedriver.chromium.org/security-considerations for suggestions on keeping ChromeDriver safe.
ChromeDriver was started successfully on port 28974.
Dec 14, 2024 1:47:50 PM org.openqa.selenium.remote.ProtocolHandshake createSession
INFO: Detected dialect: W3C
]]></system-err>
  </testcase>
  <testcase name="loginValidUserName" classname="com.testng.testcases.LoginTest" time="2.568">
    <system-out><![CDATA[chrome
https://login.salesforce.com/
]]></system-out>
    <system-err><![CDATA[[1734202074.691][SEVERE]: Unable to receive message from renderer
Starting ChromeDriver 131.0.6778.108 (3b014839fbc4fb688b2f5af512d6ce312ad208b1-refs/branch-heads/6778@{#2393}) on port 31279
Only local connections are allowed.
Please see https://chromedriver.chromium.org/security-considerations for suggestions on keeping ChromeDriver safe.
ChromeDriver was started successfully on port 31279.
Dec 14, 2024 1:47:56 PM org.openqa.selenium.remote.ProtocolHandshake createSession
INFO: Detected dialect: W3C
]]></system-err>
  </testcase>
  <testcase name="remeberMeCheckBox" classname="com.testng.testcases.LoginTest" time="5.839">
    <system-out><![CDATA[chrome
https://login.salesforce.com/
]]></system-out>
    <system-err><![CDATA[Starting ChromeDriver 131.0.6778.108 (3b014839fbc4fb688b2f5af512d6ce312ad208b1-refs/branch-heads/6778@{#2393}) on port 55118
Only local connections are allowed.
Please see https://chromedriver.chromium.org/security-considerations for suggestions on keeping ChromeDriver safe.
ChromeDriver was started successfully on port 55118.
Dec 14, 2024 1:48:02 PM org.openqa.selenium.remote.ProtocolHandshake createSession
INFO: Detected dialect: W3C
]]></system-err>
  </testcase>
  <testcase name="forgotPassword4a" classname="com.testng.testcases.LoginTest" time="2.144">
    <system-out><![CDATA[chrome
https://login.salesforce.com/
]]></system-out>
    <system-err><![CDATA[Starting ChromeDriver 131.0.6778.108 (3b014839fbc4fb688b2f5af512d6ce312ad208b1-refs/branch-heads/6778@{#2393}) on port 42951
Only local connections are allowed.
Please see https://chromedriver.chromium.org/security-considerations for suggestions on keeping ChromeDriver safe.
ChromeDriver was started successfully on port 42951.
Dec 14, 2024 1:48:10 PM org.openqa.selenium.remote.ProtocolHandshake createSession
INFO: Detected dialect: W3C
]]></system-err>
  </testcase>
  <testcase name="forgotPassword4b" classname="com.testng.testcases.LoginTest" time="2.417">
    <system-out><![CDATA[chrome
https://login.salesforce.com/
]]></system-out>
    <system-err><![CDATA[[1734202093.472][SEVERE]: Unable to receive message from renderer
Starting ChromeDriver 131.0.6778.108 (3b014839fbc4fb688b2f5af512d6ce312ad208b1-refs/branch-heads/6778@{#2393}) on port 32559
Only local connections are allowed.
Please see https://chromedriver.chromium.org/security-considerations for suggestions on keeping ChromeDriver safe.
ChromeDriver was started successfully on port 32559.
Dec 14, 2024 1:48:14 PM org.openqa.selenium.remote.ProtocolHandshake createSession
INFO: Detected dialect: W3C
]]></system-err>
  </testcase>
</testsuite>