<?xml version="1.0" encoding="UTF-8"?>
<!-- Generated by org.testng.reporters.JUnitXMLReporter -->
<testsuite ignored="0" hostname="TeenaDellPC" failures="0" tests="5" name="Login" time="31.055" errors="0" timestamp="2024-12-14T13:48:17 EST">
  <testcase classname="com.testng.testcases.LoginTest" name="logInNoPassword" time="2.716"/>
  <testcase classname="com.testng.testcases.LoginTest" name="loginValidUserName" time="2.572"/>
  <testcase classname="com.testng.testcases.LoginTest" name="remeberMeCheckBox" time="5.839"/>
  <testcase classname="com.testng.testcases.LoginTest" name="forgotPassword4a" time="2.145"/>
  <testcase classname="com.testng.testcases.LoginTest" name="forgotPassword4b" time="2.416"/>
</testsuite> <!-- Login -->
